<?xml version="1.0" encoding="UTF-8"?>
<testsuites name="myntraRun" time="126" tests="0" failures="0" errors="1">
   <testsuite name="myntraRun" tests="0" failures="0" errors="1" time="126" timestamp="2019-01-03 17:22:35" hostname="E004817 - HW0502.cignitiglobal.com" id="Test Suites/myntraRun">
      <properties>
         <property name="deviceName" value=""/>
         <property name="devicePlatform" value=""/>
         <property name="logFolder" value="C:\\Users\\E004817\\Katalon Studio\\myntra\\Reports\\myntraRun\\20190103_172233"/>
         <property name="logFiles" value="C:\\Users\\E004817\\Katalon Studio\\myntra\\Reports\\myntraRun\\20190103_172233\\execution0.log"/>
         <property name="attachments" value=""/>
         <property name="hostName" value="E004817 - HW0502.cignitiglobal.com"/>
         <property name="os" value="Windows 7 64bit"/>
         <property name="katalonVersion" value="5.10.1.1"/>
         <property name="browser" value="Chrome 71.0.3578.98"/>
         <property name="hostAddress" value="172.33.18.14"/>
         <property name="sessionId" value="5f1096164ac1af4bb0888f51a72e372d"/>
         <property name="seleniumVersion" value="3.7.1"/>
         <property name="proxyInformation" value="ProxyInformation{proxyOption=NO_PROXY, proxyServerType=HTTP, password=, proxyServerAddress=, proxyServerPort=0}"/>
         <property name="platform" value="Windows 7"/>
      </properties>
      <testcase name="Test Cases/myntraL" classname="Test Cases/myntraL" status="ERROR">
         <error type="ERROR" message="Test Cases/myntraL FAILED.
Reason:
org.codehaus.groovy.runtime.InvokerInvocationException: groovy.lang.MissingMethodException: No signature of method: com.kms.katalon.selenium.driver.CChromeDriver.findElement() is applicable for argument types: (com.kms.katalon.core.testobject.TestObject) values: [TestObject - 'Object Repository/BagElement/bag']
Possible solutions: findElement(org.openqa.selenium.By), findElements(org.openqa.selenium.By), findElementById(java.lang.String)
	at login.invokeMethod(login.groovy)
	at com.kms.katalon.core.main.CustomKeywordDelegatingMetaClass.invokeStaticMethod(CustomKeywordDelegatingMetaClass.java:49)
	at myntraL.run(myntraL:22)
	at com.kms.katalon.core.main.ScriptEngine.run(ScriptEngine.java:194)
	at com.kms.katalon.core.main.ScriptEngine.runScriptAsRawText(ScriptEngine.java:119)
	at com.kms.katalon.core.main.TestCaseExecutor.runScript(TestCaseExecutor.java:328)
	at com.kms.katalon.core.main.TestCaseExecutor.doExecute(TestCaseExecutor.java:319)
	at com.kms.katalon.core.main.TestCaseExecutor.processExecutionPhase(TestCaseExecutor.java:298)
	at com.kms.katalon.core.main.TestCaseExecutor.accessMainPhase(TestCaseExecutor.java:290)
	at com.kms.katalon.core.main.TestCaseExecutor.execute(TestCaseExecutor.java:224)
	at com.kms.katalon.core.main.TestSuiteExecutor.accessTestCaseMainPhase(TestSuiteExecutor.java:129)
	at com.kms.katalon.core.main.TestSuiteExecutor.accessTestSuiteMainPhase(TestSuiteExecutor.java:112)
	at com.kms.katalon.core.main.TestSuiteExecutor.execute(TestSuiteExecutor.java:81)
	at com.kms.katalon.core.main.TestCaseMain.startTestSuite(TestCaseMain.java:149)
	at com.kms.katalon.core.main.TestCaseMain$startTestSuite$0.call(Unknown Source)
	at TempTestSuite1546516353978.run(TempTestSuite1546516353978.groovy:36)
Caused by: groovy.lang.MissingMethodException: No signature of method: com.kms.katalon.selenium.driver.CChromeDriver.findElement() is applicable for argument types: (com.kms.katalon.core.testobject.TestObject) values: [TestObject - 'Object Repository/BagElement/bag']
Possible solutions: findElement(org.openqa.selenium.By), findElements(org.openqa.selenium.By), findElementById(java.lang.String)
	at login.coutBagItem(login.groovy:193)
	at login.invokeMethod(login.groovy)
	at com.kms.katalon.core.main.CustomKeywordDelegatingMetaClass.invokeStaticMethod(CustomKeywordDelegatingMetaClass.java:49)
	at Script1546495514552.run(Script1546495514552.groovy:22)
	... 13 more
"/>
         <system-out><![CDATA[2019-01-03 17:22:35 - [TEST_CASE][ERROR] - Test Cases/myntraL: Test Cases/myntraL FAILED.
Reason:
org.codehaus.groovy.runtime.InvokerInvocationException: groovy.lang.MissingMethodException: No signature of method: com.kms.katalon.selenium.driver.CChromeDriver.findElement() is applicable for argument types: (com.kms.katalon.core.testobject.TestObject) values: [TestObject - 'Object Repository/BagElement/bag']
Possible solutions: findElement(org.openqa.selenium.By), findElements(org.openqa.selenium.By), findElementById(java.lang.String)
	at login.invokeMethod(login.groovy)
	at com.kms.katalon.core.main.CustomKeywordDelegatingMetaClass.invokeStaticMethod(CustomKeywordDelegatingMetaClass.java:49)
	at myntraL.run(myntraL:22)
	at com.kms.katalon.core.main.ScriptEngine.run(ScriptEngine.java:194)
	at com.kms.katalon.core.main.ScriptEngine.runScriptAsRawText(ScriptEngine.java:119)
	at com.kms.katalon.core.main.TestCaseExecutor.runScript(TestCaseExecutor.java:328)
	at com.kms.katalon.core.main.TestCaseExecutor.doExecute(TestCaseExecutor.java:319)
	at com.kms.katalon.core.main.TestCaseExecutor.processExecutionPhase(TestCaseExecutor.java:298)
	at com.kms.katalon.core.main.TestCaseExecutor.accessMainPhase(TestCaseExecutor.java:290)
	at com.kms.katalon.core.main.TestCaseExecutor.execute(TestCaseExecutor.java:224)
	at com.kms.katalon.core.main.TestSuiteExecutor.accessTestCaseMainPhase(TestSuiteExecutor.java:129)
	at com.kms.katalon.core.main.TestSuiteExecutor.accessTestSuiteMainPhase(TestSuiteExecutor.java:112)
	at com.kms.katalon.core.main.TestSuiteExecutor.execute(TestSuiteExecutor.java:81)
	at com.kms.katalon.core.main.TestCaseMain.startTestSuite(TestCaseMain.java:149)
	at com.kms.katalon.core.main.TestCaseMain$startTestSuite$0.call(Unknown Source)
	at TempTestSuite1546516353978.run(TempTestSuite1546516353978.groovy:36)
Caused by: groovy.lang.MissingMethodException: No signature of method: com.kms.katalon.selenium.driver.CChromeDriver.findElement() is applicable for argument types: (com.kms.katalon.core.testobject.TestObject) values: [TestObject - 'Object Repository/BagElement/bag']
Possible solutions: findElement(org.openqa.selenium.By), findElements(org.openqa.selenium.By), findElementById(java.lang.String)
	at login.coutBagItem(login.groovy:193)
	at login.invokeMethod(login.groovy)
	at com.kms.katalon.core.main.CustomKeywordDelegatingMetaClass.invokeStaticMethod(CustomKeywordDelegatingMetaClass.java:49)
	at Script1546495514552.run(Script1546495514552.groovy:22)
	... 13 more


2019-01-03 17:22:36 - [TEST_STEP][PASSED] - login.loginM(url, user, password): login.loginM is PASSED

2019-01-03 17:22:36 - [MESSAGE][INFO] - Starting 'Chrome' driver

2019-01-03 17:22:36 - [MESSAGE][INFO] - Action delay is set to 0 seconds

2019-01-03 17:22:53 - [MESSAGE][PASSED] - Browser is opened with url: 'https://www.myntra.com/'

2019-01-03 17:22:54 - [MESSAGE][PASSED] - Current window maximized

2019-01-03 17:22:57 - [MESSAGE][PASSED] - Delayed 3 second(s)

2019-01-03 17:22:57 - [MESSAGE][PASSED] - Object: 'Object Repository/login/clickOnLogo' is clicked on

2019-01-03 17:23:00 - [MESSAGE][PASSED] - Delayed 3 second(s)

2019-01-03 17:23:06 - [MESSAGE][PASSED] - Object: 'Object Repository/login/clickLogin' is clicked on

2019-01-03 17:23:09 - [MESSAGE][PASSED] - Delayed 3 second(s)

2019-01-03 17:23:09 - [MESSAGE][PASSED] - Object: 'Object Repository/login/clickGoogle' is clicked on

2019-01-03 17:23:12 - [MESSAGE][PASSED] - Delayed 3 second(s)

2019-01-03 17:23:12 - [MESSAGE][PASSED] - Switched to window with index: '1'

2019-01-03 17:23:15 - [MESSAGE][PASSED] - Delayed 3 second(s)

2019-01-03 17:23:16 - [MESSAGE][PASSED] - Keys 'kkishan150@gmail.com' sent to object: 'Object Repository/login/clickEmail'

2019-01-03 17:23:19 - [MESSAGE][PASSED] - Delayed 3 second(s)

2019-01-03 17:23:19 - [MESSAGE][PASSED] - Object: 'Object Repository/login/clickNext' is clicked on

2019-01-03 17:23:19 - [MESSAGE][PASSED] - Switched to window with index: '1'

2019-01-03 17:23:22 - [MESSAGE][PASSED] - Delayed 3 second(s)

2019-01-03 17:23:22 - [MESSAGE][PASSED] - Keys 'kkishan150@' sent to object: 'Object Repository/login/clickEmail'

2019-01-03 17:23:25 - [MESSAGE][PASSED] - Delayed 3 second(s)

2019-01-03 17:23:25 - [MESSAGE][PASSED] - Object: 'Object Repository/login/clickNext' is clicked on

2019-01-03 17:23:30 - [MESSAGE][PASSED] - Delayed 5 second(s)

2019-01-03 17:23:31 - [MESSAGE][PASSED] - login.loginM is PASSED

2019-01-03 17:23:31 - [TEST_STEP][PASSED] - login.casualShirt(casual): login.casualShirt is PASSED

2019-01-03 17:23:35 - [MESSAGE][PASSED] - Delayed 4 second(s)

2019-01-03 17:23:36 - [MESSAGE][PASSED] - Object: 'Object Repository/CasualShirt/clickMan' is hovered

2019-01-03 17:23:38 - [MESSAGE][PASSED] - Delayed 2 second(s)

2019-01-03 17:23:41 - [MESSAGE][PASSED] - Object: 'Object Repository/CasualShirt/clickCasual' is clicked on

2019-01-03 17:23:43 - [MESSAGE][PASSED] - Delayed 2 second(s)

2019-01-03 17:23:44 - [MESSAGE][PASSED] - Keys 'HIGHLANDER Men Navy & Red Slim Fit Checked Casual Shirt' sent to object: 'Object Repository/CasualShirt/clickSearch'

2019-01-03 17:23:49 - [MESSAGE][PASSED] - Object: 'Object Repository/CasualShirt/searchIcon' is clicked on

2019-01-03 17:23:51 - [MESSAGE][PASSED] - Delayed 2 second(s)

2019-01-03 17:23:51 - [MESSAGE][PASSED] - Object: 'Object Repository/CasualShirt/over1stItem' is hovered

2019-01-03 17:23:51 - [MESSAGE][PASSED] - Object: 'Object Repository/CasualShirt/addBag' is clicked on

2019-01-03 17:23:53 - [MESSAGE][PASSED] - Delayed 2 second(s)

2019-01-03 17:23:54 - [MESSAGE][PASSED] - Object: 'Object Repository/CasualShirt/selectSize' is clicked on

2019-01-03 17:24:04 - [MESSAGE][PASSED] - Object: 'Object Repository/CasualShirt/gotoBag' is clicked on

2019-01-03 17:24:08 - [MESSAGE][PASSED] - Delayed 4 second(s)

2019-01-03 17:24:13 - [MESSAGE][PASSED] - Object: 'Object Repository/goToHome' is clicked on

2019-01-03 17:24:13 - [MESSAGE][PASSED] - login.casualShirt is PASSED

2019-01-03 17:24:13 - [TEST_STEP][PASSED] - login.formalShirt(formal): login.formalShirt is PASSED

2019-01-03 17:24:13 - [MESSAGE][PASSED] - Object: 'Object Repository/CasualShirt/clickMan' is hovered

2019-01-03 17:24:15 - [MESSAGE][PASSED] - Delayed 2 second(s)

2019-01-03 17:24:20 - [MESSAGE][PASSED] - Object: 'Object Repository/formal/selectFormal' is clicked on

2019-01-03 17:24:22 - [MESSAGE][PASSED] - Delayed 2 second(s)

2019-01-03 17:24:23 - [MESSAGE][PASSED] - Keys 'INVICTUS Men Red & Black Checked Slim Fit Formal Shirt' sent to object: 'Object Repository/CasualShirt/clickSearch'

2019-01-03 17:24:26 - [MESSAGE][PASSED] - Object: 'Object Repository/CasualShirt/searchIcon' is clicked on

2019-01-03 17:24:28 - [MESSAGE][PASSED] - Delayed 2 second(s)

2019-01-03 17:24:29 - [MESSAGE][PASSED] - Object: 'Object Repository/CasualShirt/over1stItem' is hovered

2019-01-03 17:24:29 - [MESSAGE][PASSED] - Object: 'Object Repository/CasualShirt/addBag' is clicked on

2019-01-03 17:24:31 - [MESSAGE][PASSED] - Delayed 2 second(s)

2019-01-03 17:24:31 - [MESSAGE][PASSED] - Object: 'Object Repository/CasualShirt/selectSize' is clicked on

2019-01-03 17:24:36 - [MESSAGE][PASSED] - Object: 'Object Repository/CasualShirt/gotoBag' is clicked on

2019-01-03 17:24:40 - [MESSAGE][PASSED] - Delayed 4 second(s)

2019-01-03 17:24:40 - [MESSAGE][PASSED] - login.formalShirt is PASSED

2019-01-03 17:24:40 - [TEST_STEP][ERROR] - login.coutBagItem(): login.coutBagItem() FAILED.
Reason:
org.codehaus.groovy.runtime.InvokerInvocationException: groovy.lang.MissingMethodException: No signature of method: com.kms.katalon.selenium.driver.CChromeDriver.findElement() is applicable for argument types: (com.kms.katalon.core.testobject.TestObject) values: [TestObject - 'Object Repository/BagElement/bag']
Possible solutions: findElement(org.openqa.selenium.By), findElements(org.openqa.selenium.By), findElementById(java.lang.String)
	at login.invokeMethod(login.groovy)
	at com.kms.katalon.core.main.CustomKeywordDelegatingMetaClass.invokeStaticMethod(CustomKeywordDelegatingMetaClass.java:49)
	at myntraL.run(myntraL:22)
	at com.kms.katalon.core.main.ScriptEngine.run(ScriptEngine.java:194)
	at com.kms.katalon.core.main.ScriptEngine.runScriptAsRawText(ScriptEngine.java:119)
	at com.kms.katalon.core.main.TestCaseExecutor.runScript(TestCaseExecutor.java:328)
	at com.kms.katalon.core.main.TestCaseExecutor.doExecute(TestCaseExecutor.java:319)
	at com.kms.katalon.core.main.TestCaseExecutor.processExecutionPhase(TestCaseExecutor.java:298)
	at com.kms.katalon.core.main.TestCaseExecutor.accessMainPhase(TestCaseExecutor.java:290)
	at com.kms.katalon.core.main.TestCaseExecutor.execute(TestCaseExecutor.java:224)
	at com.kms.katalon.core.main.TestSuiteExecutor.accessTestCaseMainPhase(TestSuiteExecutor.java:129)
	at com.kms.katalon.core.main.TestSuiteExecutor.accessTestSuiteMainPhase(TestSuiteExecutor.java:112)
	at com.kms.katalon.core.main.TestSuiteExecutor.execute(TestSuiteExecutor.java:81)
	at com.kms.katalon.core.main.TestCaseMain.startTestSuite(TestCaseMain.java:149)
	at com.kms.katalon.core.main.TestCaseMain$startTestSuite$0.call(Unknown Source)
	at TempTestSuite1546516353978.run(TempTestSuite1546516353978.groovy:36)
Caused by: groovy.lang.MissingMethodException: No signature of method: com.kms.katalon.selenium.driver.CChromeDriver.findElement() is applicable for argument types: (com.kms.katalon.core.testobject.TestObject) values: [TestObject - 'Object Repository/BagElement/bag']
Possible solutions: findElement(org.openqa.selenium.By), findElements(org.openqa.selenium.By), findElementById(java.lang.String)
	at login.coutBagItem(login.groovy:193)
	at login.invokeMethod(login.groovy)
	at com.kms.katalon.core.main.CustomKeywordDelegatingMetaClass.invokeStaticMethod(CustomKeywordDelegatingMetaClass.java:49)
	at Script1546495514552.run(Script1546495514552.groovy:22)
	... 13 more


2019-01-03 17:24:40 - [MESSAGE][ERROR] - groovy.lang.MissingMethodException: No signature of method: com.kms.katalon.selenium.driver.CChromeDriver.findElement() is applicable for argument types: (com.kms.katalon.core.testobject.TestObject) values: [TestObject - 'Object Repository/BagElement/bag']
Possible solutions: findElement(org.openqa.selenium.By), findElements(org.openqa.selenium.By), findElementById(java.lang.String)

2019-01-03 17:24:41 - [MESSAGE][ERROR] - login.coutBagItem() FAILED.
Reason:
org.codehaus.groovy.runtime.InvokerInvocationException: groovy.lang.MissingMethodException: No signature of method: com.kms.katalon.selenium.driver.CChromeDriver.findElement() is applicable for argument types: (com.kms.katalon.core.testobject.TestObject) values: [TestObject - 'Object Repository/BagElement/bag']
Possible solutions: findElement(org.openqa.selenium.By), findElements(org.openqa.selenium.By), findElementById(java.lang.String)
	at login.invokeMethod(login.groovy)
	at com.kms.katalon.core.main.CustomKeywordDelegatingMetaClass.invokeStaticMethod(CustomKeywordDelegatingMetaClass.java:49)
	at myntraL.run(myntraL:22)
	at com.kms.katalon.core.main.ScriptEngine.run(ScriptEngine.java:194)
	at com.kms.katalon.core.main.ScriptEngine.runScriptAsRawText(ScriptEngine.java:119)
	at com.kms.katalon.core.main.TestCaseExecutor.runScript(TestCaseExecutor.java:328)
	at com.kms.katalon.core.main.TestCaseExecutor.doExecute(TestCaseExecutor.java:319)
	at com.kms.katalon.core.main.TestCaseExecutor.processExecutionPhase(TestCaseExecutor.java:298)
	at com.kms.katalon.core.main.TestCaseExecutor.accessMainPhase(TestCaseExecutor.java:290)
	at com.kms.katalon.core.main.TestCaseExecutor.execute(TestCaseExecutor.java:224)
	at com.kms.katalon.core.main.TestSuiteExecutor.accessTestCaseMainPhase(TestSuiteExecutor.java:129)
	at com.kms.katalon.core.main.TestSuiteExecutor.accessTestSuiteMainPhase(TestSuiteExecutor.java:112)
	at com.kms.katalon.core.main.TestSuiteExecutor.execute(TestSuiteExecutor.java:81)
	at com.kms.katalon.core.main.TestCaseMain.startTestSuite(TestCaseMain.java:149)
	at com.kms.katalon.core.main.TestCaseMain$startTestSuite$0.call(Unknown Source)
	at TempTestSuite1546516353978.run(TempTestSuite1546516353978.groovy:36)
Caused by: groovy.lang.MissingMethodException: No signature of method: com.kms.katalon.selenium.driver.CChromeDriver.findElement() is applicable for argument types: (com.kms.katalon.core.testobject.TestObject) values: [TestObject - 'Object Repository/BagElement/bag']
Possible solutions: findElement(org.openqa.selenium.By), findElements(org.openqa.selenium.By), findElementById(java.lang.String)
	at login.coutBagItem(login.groovy:193)
	at login.invokeMethod(login.groovy)
	at com.kms.katalon.core.main.CustomKeywordDelegatingMetaClass.invokeStaticMethod(CustomKeywordDelegatingMetaClass.java:49)
	at Script1546495514552.run(Script1546495514552.groovy:22)
	... 13 more]]></system-out>
         <system-err><![CDATA[2019-01-03 17:22:35 - [TEST_CASE][ERROR] - Test Cases/myntraL: Test Cases/myntraL FAILED.
Reason:
org.codehaus.groovy.runtime.InvokerInvocationException: groovy.lang.MissingMethodException: No signature of method: com.kms.katalon.selenium.driver.CChromeDriver.findElement() is applicable for argument types: (com.kms.katalon.core.testobject.TestObject) values: [TestObject - 'Object Repository/BagElement/bag']
Possible solutions: findElement(org.openqa.selenium.By), findElements(org.openqa.selenium.By), findElementById(java.lang.String)
	at login.invokeMethod(login.groovy)
	at com.kms.katalon.core.main.CustomKeywordDelegatingMetaClass.invokeStaticMethod(CustomKeywordDelegatingMetaClass.java:49)
	at myntraL.run(myntraL:22)
	at com.kms.katalon.core.main.ScriptEngine.run(ScriptEngine.java:194)
	at com.kms.katalon.core.main.ScriptEngine.runScriptAsRawText(ScriptEngine.java:119)
	at com.kms.katalon.core.main.TestCaseExecutor.runScript(TestCaseExecutor.java:328)
	at com.kms.katalon.core.main.TestCaseExecutor.doExecute(TestCaseExecutor.java:319)
	at com.kms.katalon.core.main.TestCaseExecutor.processExecutionPhase(TestCaseExecutor.java:298)
	at com.kms.katalon.core.main.TestCaseExecutor.accessMainPhase(TestCaseExecutor.java:290)
	at com.kms.katalon.core.main.TestCaseExecutor.execute(TestCaseExecutor.java:224)
	at com.kms.katalon.core.main.TestSuiteExecutor.accessTestCaseMainPhase(TestSuiteExecutor.java:129)
	at com.kms.katalon.core.main.TestSuiteExecutor.accessTestSuiteMainPhase(TestSuiteExecutor.java:112)
	at com.kms.katalon.core.main.TestSuiteExecutor.execute(TestSuiteExecutor.java:81)
	at com.kms.katalon.core.main.TestCaseMain.startTestSuite(TestCaseMain.java:149)
	at com.kms.katalon.core.main.TestCaseMain$startTestSuite$0.call(Unknown Source)
	at TempTestSuite1546516353978.run(TempTestSuite1546516353978.groovy:36)
Caused by: groovy.lang.MissingMethodException: No signature of method: com.kms.katalon.selenium.driver.CChromeDriver.findElement() is applicable for argument types: (com.kms.katalon.core.testobject.TestObject) values: [TestObject - 'Object Repository/BagElement/bag']
Possible solutions: findElement(org.openqa.selenium.By), findElements(org.openqa.selenium.By), findElementById(java.lang.String)
	at login.coutBagItem(login.groovy:193)
	at login.invokeMethod(login.groovy)
	at com.kms.katalon.core.main.CustomKeywordDelegatingMetaClass.invokeStaticMethod(CustomKeywordDelegatingMetaClass.java:49)
	at Script1546495514552.run(Script1546495514552.groovy:22)
	... 13 more]]></system-err>
      </testcase>
      <system-out><![CDATA[2019-01-03 17:22:35 - [TEST_SUITE][ERROR] - myntraRun: Test Cases/myntraL FAILED.
Reason:
org.codehaus.groovy.runtime.InvokerInvocationException: groovy.lang.MissingMethodException: No signature of method: com.kms.katalon.selenium.driver.CChromeDriver.findElement() is applicable for argument types: (com.kms.katalon.core.testobject.TestObject) values: [TestObject - 'Object Repository/BagElement/bag']
Possible solutions: findElement(org.openqa.selenium.By), findElements(org.openqa.selenium.By), findElementById(java.lang.String)
	at login.invokeMethod(login.groovy)
	at com.kms.katalon.core.main.CustomKeywordDelegatingMetaClass.invokeStaticMethod(CustomKeywordDelegatingMetaClass.java:49)
	at myntraL.run(myntraL:22)
	at com.kms.katalon.core.main.ScriptEngine.run(ScriptEngine.java:194)
	at com.kms.katalon.core.main.ScriptEngine.runScriptAsRawText(ScriptEngine.java:119)
	at com.kms.katalon.core.main.TestCaseExecutor.runScript(TestCaseExecutor.java:328)
	at com.kms.katalon.core.main.TestCaseExecutor.doExecute(TestCaseExecutor.java:319)
	at com.kms.katalon.core.main.TestCaseExecutor.processExecutionPhase(TestCaseExecutor.java:298)
	at com.kms.katalon.core.main.TestCaseExecutor.accessMainPhase(TestCaseExecutor.java:290)
	at com.kms.katalon.core.main.TestCaseExecutor.execute(TestCaseExecutor.java:224)
	at com.kms.katalon.core.main.TestSuiteExecutor.accessTestCaseMainPhase(TestSuiteExecutor.java:129)
	at com.kms.katalon.core.main.TestSuiteExecutor.accessTestSuiteMainPhase(TestSuiteExecutor.java:112)
	at com.kms.katalon.core.main.TestSuiteExecutor.execute(TestSuiteExecutor.java:81)
	at com.kms.katalon.core.main.TestCaseMain.startTestSuite(TestCaseMain.java:149)
	at com.kms.katalon.core.main.TestCaseMain$startTestSuite$0.call(Unknown Source)
	at TempTestSuite1546516353978.run(TempTestSuite1546516353978.groovy:36)
Caused by: groovy.lang.MissingMethodException: No signature of method: com.kms.katalon.selenium.driver.CChromeDriver.findElement() is applicable for argument types: (com.kms.katalon.core.testobject.TestObject) values: [TestObject - 'Object Repository/BagElement/bag']
Possible solutions: findElement(org.openqa.selenium.By), findElements(org.openqa.selenium.By), findElementById(java.lang.String)
	at login.coutBagItem(login.groovy:193)
	at login.invokeMethod(login.groovy)
	at com.kms.katalon.core.main.CustomKeywordDelegatingMetaClass.invokeStaticMethod(CustomKeywordDelegatingMetaClass.java:49)
	at Script1546495514552.run(Script1546495514552.groovy:22)
	... 13 more]]></system-out>
      <system-err><![CDATA[2019-01-03 17:22:35 - [TEST_SUITE][ERROR] - myntraRun: Test Cases/myntraL FAILED.
Reason:
org.codehaus.groovy.runtime.InvokerInvocationException: groovy.lang.MissingMethodException: No signature of method: com.kms.katalon.selenium.driver.CChromeDriver.findElement() is applicable for argument types: (com.kms.katalon.core.testobject.TestObject) values: [TestObject - 'Object Repository/BagElement/bag']
Possible solutions: findElement(org.openqa.selenium.By), findElements(org.openqa.selenium.By), findElementById(java.lang.String)
	at login.invokeMethod(login.groovy)
	at com.kms.katalon.core.main.CustomKeywordDelegatingMetaClass.invokeStaticMethod(CustomKeywordDelegatingMetaClass.java:49)
	at myntraL.run(myntraL:22)
	at com.kms.katalon.core.main.ScriptEngine.run(ScriptEngine.java:194)
	at com.kms.katalon.core.main.ScriptEngine.runScriptAsRawText(ScriptEngine.java:119)
	at com.kms.katalon.core.main.TestCaseExecutor.runScript(TestCaseExecutor.java:328)
	at com.kms.katalon.core.main.TestCaseExecutor.doExecute(TestCaseExecutor.java:319)
	at com.kms.katalon.core.main.TestCaseExecutor.processExecutionPhase(TestCaseExecutor.java:298)
	at com.kms.katalon.core.main.TestCaseExecutor.accessMainPhase(TestCaseExecutor.java:290)
	at com.kms.katalon.core.main.TestCaseExecutor.execute(TestCaseExecutor.java:224)
	at com.kms.katalon.core.main.TestSuiteExecutor.accessTestCaseMainPhase(TestSuiteExecutor.java:129)
	at com.kms.katalon.core.main.TestSuiteExecutor.accessTestSuiteMainPhase(TestSuiteExecutor.java:112)
	at com.kms.katalon.core.main.TestSuiteExecutor.execute(TestSuiteExecutor.java:81)
	at com.kms.katalon.core.main.TestCaseMain.startTestSuite(TestCaseMain.java:149)
	at com.kms.katalon.core.main.TestCaseMain$startTestSuite$0.call(Unknown Source)
	at TempTestSuite1546516353978.run(TempTestSuite1546516353978.groovy:36)
Caused by: groovy.lang.MissingMethodException: No signature of method: com.kms.katalon.selenium.driver.CChromeDriver.findElement() is applicable for argument types: (com.kms.katalon.core.testobject.TestObject) values: [TestObject - 'Object Repository/BagElement/bag']
Possible solutions: findElement(org.openqa.selenium.By), findElements(org.openqa.selenium.By), findElementById(java.lang.String)
	at login.coutBagItem(login.groovy:193)
	at login.invokeMethod(login.groovy)
	at com.kms.katalon.core.main.CustomKeywordDelegatingMetaClass.invokeStaticMethod(CustomKeywordDelegatingMetaClass.java:49)
	at Script1546495514552.run(Script1546495514552.groovy:22)
	... 13 more]]></system-err>
   </testsuite>
</testsuites>
